TN:
SF:src/app.controller.ts
FN:6,(anonymous_2)
FN:9,(anonymous_3)
FNF:2
FNH:0
FNDA:0,(anonymous_2)
FNDA:0,(anonymous_3)
DA:1,0
DA:2,0
DA:5,0
DA:6,0
DA:9,0
DA:10,0
LF:6
LH:0
BRF:0
BRH:0
end_of_record
TN:
SF:src/app.module.ts
FNF:0
FNH:0
DA:2,0
DA:3,0
DA:4,0
DA:5,0
DA:6,0
DA:7,0
DA:8,0
DA:9,0
DA:10,0
DA:11,0
DA:12,0
DA:37,0
LF:12
LH:0
BRF:0
BRH:0
end_of_record
TN:
SF:src/app.service.ts
FN:5,(anonymous_1)
FNF:1
FNH:0
FNDA:0,(anonymous_1)
DA:1,0
DA:4,0
DA:6,0
LF:3
LH:0
BRF:0
BRH:0
end_of_record
TN:
SF:src/main.ts
FN:7,bootstrap
FNF:1
FNH:0
FNDA:0,bootstrap
DA:1,0
DA:2,0
DA:3,0
DA:4,0
DA:5,0
DA:8,0
DA:11,0
DA:18,0
DA:19,0
DA:22,0
DA:28,0
DA:30,0
DA:31,0
DA:32,0
DA:34,0
LF:15
LH:0
BRF:0
BRH:0
end_of_record
TN:
SF:src/application/dto/create-product.dto.ts
FNF:0
FNH:0
DA:2,0
DA:3,0
DA:5,0
DA:9,0
DA:14,0
DA:19,0
DA:24,0
DA:29,0
LF:8
LH:0
BRF:0
BRH:0
end_of_record
TN:
SF:src/application/dto/update-product.dto.ts
FNF:0
FNH:0
DA:1,0
DA:2,0
DA:4,0
LF:3
LH:0
BRF:0
BRH:0
end_of_record
TN:
SF:src/application/use-cases/create-product.use-case.ts
FN:8,(anonymous_4)
FN:13,(anonymous_5)
FNF:2
FNH:2
FNDA:4,(anonymous_4)
FNDA:4,(anonymous_5)
DA:1,1
DA:2,1
DA:7,1
DA:10,4
DA:14,4
DA:15,4
DA:16,1
DA:19,3
DA:20,1
DA:23,2
DA:34,2
DA:36,3
LF:12
LH:12
BRDA:15,0,0,1
BRDA:19,1,0,1
BRDA:26,2,0,2
BRDA:26,2,1,0
BRF:4
BRH:3
end_of_record
TN:
SF:src/application/use-cases/delete-product.use-case.ts
FN:6,(anonymous_4)
FN:11,(anonymous_5)
FNF:2
FNH:2
FNDA:2,(anonymous_4)
FNDA:2,(anonymous_5)
DA:1,1
DA:5,1
DA:8,2
DA:12,2
LF:4
LH:4
BRF:0
BRH:0
end_of_record
TN:
SF:src/application/use-cases/get-product.use-case.ts
FN:7,(anonymous_4)
FN:12,(anonymous_5)
FNF:2
FNH:2
FNDA:2,(anonymous_4)
FNDA:3,(anonymous_5)
DA:1,1
DA:6,1
DA:9,2
DA:13,3
DA:15,3
DA:16,2
DA:19,1
LF:7
LH:7
BRDA:15,0,0,2
BRF:1
BRH:1
end_of_record
TN:
SF:src/application/use-cases/get-products.use-case.ts
FN:7,(anonymous_4)
FN:12,(anonymous_5)
FNF:2
FNH:2
FNDA:2,(anonymous_4)
FNDA:2,(anonymous_5)
DA:1,1
DA:6,1
DA:9,2
DA:13,2
LF:4
LH:4
BRF:0
BRH:0
end_of_record
TN:
SF:src/application/use-cases/update-product.use-case.ts
FN:8,(anonymous_4)
FN:13,(anonymous_5)
FNF:2
FNH:2
FNDA:4,(anonymous_4)
FNDA:7,(anonymous_5)
DA:1,1
DA:7,1
DA:10,4
DA:14,7
DA:15,7
DA:16,2
DA:19,5
DA:20,2
DA:23,3
DA:25,6
LF:10
LH:10
BRDA:15,0,0,2
BRDA:15,1,0,7
BRDA:15,1,1,3
BRDA:19,2,0,2
BRDA:19,3,0,5
BRDA:19,3,1,3
BRF:6
BRH:6
end_of_record
TN:
SF:src/config/database.config.ts
FN:3,(anonymous_0)
FNF:1
FNH:0
FNDA:0,(anonymous_0)
DA:1,0
DA:3,0
LF:2
LH:0
BRDA:4,0,0,0
BRDA:4,0,1,0
BRDA:5,1,0,0
BRDA:5,1,1,0
BRDA:6,2,0,0
BRDA:6,2,1,0
BRDA:7,3,0,0
BRDA:7,3,1,0
BRDA:8,4,0,0
BRDA:8,4,1,0
BRF:10
BRH:0
end_of_record
TN:
SF:src/domain/entities/product.entity.ts
FN:2,(anonymous_0)
FN:13,(anonymous_1)
FN:20,(anonymous_2)
FN:27,(anonymous_3)
FN:31,(anonymous_4)
FNF:5
FNH:5
FNDA:29,(anonymous_0)
FNDA:3,(anonymous_1)
FNDA:3,(anonymous_2)
FNDA:3,(anonymous_3)
FNDA:4,(anonymous_4)
DA:1,6
DA:3,29
DA:4,29
DA:5,29
DA:6,29
DA:7,29
DA:8,29
DA:9,29
DA:10,29
DA:14,3
DA:15,1
DA:17,2
DA:21,3
DA:22,2
DA:24,1
DA:28,3
DA:32,4
DA:33,2
DA:35,2
DA:36,1
DA:38,1
LF:21
LH:21
BRDA:14,0,0,1
BRDA:21,1,0,2
BRDA:28,2,0,3
BRDA:28,2,1,2
BRDA:32,3,0,2
BRDA:35,4,0,1
BRF:6
BRH:6
end_of_record
TN:
SF:src/domain/value-objects/price.value-object.ts
FN:2,(anonymous_0)
FN:8,(anonymous_1)
FN:12,(anonymous_2)
FN:16,(anonymous_3)
FN:20,(anonymous_4)
FNF:5
FNH:5
FNDA:13,(anonymous_0)
FNDA:8,(anonymous_1)
FNDA:1,(anonymous_2)
FNDA:1,(anonymous_3)
FNDA:2,(anonymous_4)
DA:1,1
DA:2,13
DA:3,13
DA:4,1
DA:9,8
DA:13,1
DA:17,1
DA:21,2
LF:8
LH:8
BRDA:3,0,0,1
BRF:1
BRH:1
end_of_record
TN:
SF:src/infraestructure/common/filters/http-exception.filter.ts
FN:6,(anonymous_1)
FNF:1
FNH:0
FNDA:0,(anonymous_1)
DA:1,0
DA:5,0
DA:7,0
DA:8,0
DA:9,0
DA:10,0
DA:12,0
LF:7
LH:0
BRF:0
BRH:0
end_of_record
TN:
SF:src/infraestructure/common/interceptors/transformation.interceptor.ts
FN:7,(anonymous_1)
FN:9,(anonymous_2)
FNF:2
FNH:0
FNDA:0,(anonymous_1)
FNDA:0,(anonymous_2)
DA:1,0
DA:3,0
DA:6,0
DA:8,0
DA:9,0
LF:5
LH:0
BRF:0
BRH:0
end_of_record
TN:
SF:src/infraestructure/database/prisma/prisma.module.ts
FNF:0
FNH:0
DA:1,0
DA:2,0
DA:9,0
LF:3
LH:0
BRF:0
BRH:0
end_of_record
TN:
SF:src/infraestructure/database/prisma/prisma.service.ts
FN:6,(anonymous_2)
FN:12,(anonymous_3)
FN:16,(anonymous_4)
FN:20,(anonymous_5)
FN:21,(anonymous_6)
FNF:5
FNH:0
FNDA:0,(anonymous_2)
FNDA:0,(anonymous_3)
FNDA:0,(anonymous_4)
FNDA:0,(anonymous_5)
FNDA:0,(anonymous_6)
DA:1,1
DA:2,1
DA:5,1
DA:7,0
DA:13,0
DA:17,0
DA:21,0
DA:22,0
LF:8
LH:3
BRF:0
BRH:0
end_of_record
TN:
SF:src/infraestructure/database/repositories/product-prisma.repository.ts
FN:8,(anonymous_2)
FN:10,(anonymous_3)
FN:18,(anonymous_4)
FN:27,(anonymous_5)
FN:35,(anonymous_6)
FN:44,(anonymous_7)
FN:51,(anonymous_8)
FN:62,(anonymous_9)
FNF:8
FNH:8
FNDA:7,(anonymous_2)
FNDA:1,(anonymous_3)
FNDA:1,(anonymous_4)
FNDA:2,(anonymous_5)
FNDA:1,(anonymous_6)
FNDA:1,(anonymous_7)
FNDA:1,(anonymous_8)
FNDA:6,(anonymous_9)
DA:1,1
DA:2,1
DA:4,1
DA:7,1
DA:8,7
DA:11,1
DA:15,1
DA:19,1
DA:24,1
DA:28,2
DA:32,2
DA:36,1
DA:41,1
DA:45,1
DA:52,1
DA:59,1
DA:63,6
LF:17
LH:17
BRDA:32,0,0,1
BRDA:32,0,1,1
BRF:2
BRH:2
end_of_record
TN:
SF:src/presentation/controllers/app.controller.ts
FN:9,(anonymous_2)
FNF:1
FNH:0
FNDA:0,(anonymous_2)
DA:1,0
DA:2,0
DA:5,0
DA:9,0
DA:10,0
LF:5
LH:0
BRF:0
BRH:0
end_of_record
TN:
SF:src/presentation/controllers/products.controller.ts
FN:18,(anonymous_4)
FN:19,(anonymous_5)
FN:27,(anonymous_6)
FN:39,(anonymous_7)
FN:46,(anonymous_8)
FN:54,(anonymous_9)
FN:63,(anonymous_10)
FN:71,(anonymous_11)
FNF:8
FNH:0
FNDA:0,(anonymous_4)
FNDA:0,(anonymous_5)
FNDA:0,(anonymous_6)
FNDA:0,(anonymous_7)
FNDA:0,(anonymous_8)
FNDA:0,(anonymous_9)
FNDA:0,(anonymous_10)
FNDA:0,(anonymous_11)
DA:2,0
DA:3,0
DA:4,0
DA:5,0
DA:6,0
DA:7,0
DA:8,0
DA:9,0
DA:10,0
DA:12,0
DA:14,0
DA:17,0
DA:19,0
DA:26,0
DA:28,0
DA:29,0
DA:30,0
DA:31,0
DA:32,0
DA:39,0
DA:40,0
DA:46,0
DA:47,0
DA:54,0
DA:55,0
DA:63,0
DA:64,0
DA:71,0
DA:72,0
LF:29
LH:0
BRF:0
BRH:0
end_of_record
